This file contains any messages produced by compilers while
running configure, to aid debugging if configure makes a mistake.

It was created by MCT configure 2.0, which was
generated by GNU Autoconf 2.59.  Invocation command line was

  $ ./configure 

## --------- ##
## Platform. ##
## --------- ##

hostname = Predator-G3-572
uname -m = x86_64
uname -r = 5.3.0-61-generic
uname -s = Linux
uname -v = #55-Ubuntu SMP Fri Jun 19 11:16:34 UTC 2020

/usr/bin/uname -p = x86_64
/bin/uname -X     = unknown

/bin/arch              = x86_64
/usr/bin/arch -k       = unknown
/usr/convex/getsysinfo = unknown
hostinfo               = unknown
/bin/machine           = unknown
/usr/bin/oslevel       = unknown
/bin/universe          = unknown

PATH: /home/ueslei/anaconda3/bin
PATH: /home/ueslei/anaconda3/condabin
PATH: /usr/local/include
PATH: /usr/bin
PATH: /usr/local/bin
PATH: /home/ueslei/.local/bin
PATH: /usr/local/sbin
PATH: /usr/local/bin
PATH: /usr/sbin
PATH: /usr/bin
PATH: /sbin
PATH: /bin
PATH: /usr/games
PATH: /usr/local/games
PATH: /snap/bin
PATH: /usr/local/bin


## ----------- ##
## Core tests. ##
## ----------- ##

configure:1575: checking for cc
configure:1591: found /usr/bin/cc
configure:1601: result: cc
configure:1622: checking for C compiler version
configure:1625: cc --version </dev/null >&5
cc (Ubuntu 9.2.1-9ubuntu2) 9.2.1 20191008
Copyright (C) 2019 Free Software Foundation, Inc.
This is free software; see the source for copying conditions.  There is NO
warranty; not even for MERCHANTABILITY or FITNESS FOR A PARTICULAR PURPOSE.

configure:1628: $? = 0
configure:1630: cc -v </dev/null >&5
Using built-in specs.
COLLECT_GCC=cc
COLLECT_LTO_WRAPPER=/usr/lib/gcc/x86_64-linux-gnu/9/lto-wrapper
OFFLOAD_TARGET_NAMES=nvptx-none:hsa
OFFLOAD_TARGET_DEFAULT=1
Target: x86_64-linux-gnu
Configured with: ../src/configure -v --with-pkgversion='Ubuntu 9.2.1-9ubuntu2' --with-bugurl=file:///usr/share/doc/gcc-9/README.Bugs --enable-languages=c,ada,c++,go,brig,d,fortran,objc,obj-c++,gm2 --prefix=/usr --with-gcc-major-version-only --program-suffix=-9 --program-prefix=x86_64-linux-gnu- --enable-shared --enable-linker-build-id --libexecdir=/usr/lib --without-included-gettext --enable-threads=posix --libdir=/usr/lib --enable-nls --enable-bootstrap --enable-clocale=gnu --enable-libstdcxx-debug --enable-libstdcxx-time=yes --with-default-libstdcxx-abi=new --enable-gnu-unique-object --disable-vtable-verify --enable-plugin --enable-default-pie --with-system-zlib --with-target-system-zlib=auto --enable-multiarch --disable-werror --with-arch-32=i686 --with-abi=m64 --with-multilib-list=m32,m64,mx32 --enable-multilib --with-tune=generic --enable-offload-targets=nvptx-none,hsa --without-cuda-driver --enable-checking=release --build=x86_64-linux-gnu --host=x86_64-linux-gnu --target=x86_64-linux-gnu
Thread model: posix
gcc version 9.2.1 20191008 (Ubuntu 9.2.1-9ubuntu2) 
configure:1633: $? = 0
configure:1635: cc -V </dev/null >&5
cc: error: unrecognized command line option '-V'
cc: fatal error: no input files
compilation terminated.
configure:1638: $? = 1
configure:1661: checking for C compiler default output file name
configure:1664: cc    conftest.c  >&5
configure:1667: $? = 0
configure:1713: result: a.out
configure:1718: checking whether the C compiler works
configure:1724: ./a.out
configure:1727: $? = 0
configure:1744: result: yes
configure:1751: checking whether we are cross compiling
configure:1753: result: no
configure:1756: checking for suffix of executables
configure:1758: cc -o conftest    conftest.c  >&5
configure:1761: $? = 0
configure:1786: result: 
configure:1792: checking for suffix of object files
configure:1813: cc -c   conftest.c >&5
configure:1816: $? = 0
configure:1838: result: o
configure:1842: checking whether we are using the GNU C compiler
configure:1866: cc -c   conftest.c >&5
configure:1872: $? = 0
configure:1876: test -z 
			 || test ! -s conftest.err
configure:1879: $? = 0
configure:1882: test -s conftest.o
configure:1885: $? = 0
configure:1898: result: yes
configure:1904: checking whether cc accepts -g
configure:1925: cc -c -g  conftest.c >&5
configure:1931: $? = 0
configure:1935: test -z 
			 || test ! -s conftest.err
configure:1938: $? = 0
configure:1941: test -s conftest.o
configure:1944: $? = 0
configure:1955: result: yes
configure:1972: checking for cc option to accept ANSI C
configure:2042: cc  -c -g -O2  conftest.c >&5
configure:2048: $? = 0
configure:2052: test -z 
			 || test ! -s conftest.err
configure:2055: $? = 0
configure:2058: test -s conftest.o
configure:2061: $? = 0
configure:2079: result: none needed
configure:2097: cc -c -g -O2  conftest.c >&5
conftest.c:2:3: error: unknown type name 'choke'
    2 |   choke me
      |   ^~~~~
conftest.c:2:3: error: expected '=', ',', ';', 'asm' or '__attribute__' at end of input
configure:2103: $? = 1
configure: failed program was:
| #ifndef __cplusplus
|   choke me
| #endif
configure:2289: checking for xlf90
configure:2318: result: no
configure:2289: checking for pgf90
configure:2318: result: no
configure:2289: checking for ifort
configure:2318: result: no
configure:2289: checking for pathf90
configure:2318: result: no
configure:2289: checking for f90
configure:2318: result: no
configure:2289: checking for ftn
configure:2318: result: no
configure:2289: checking for frt
configure:2318: result: no
configure:2289: checking for lf95
configure:2318: result: no
configure:2289: checking for f95
configure:2305: found /usr/bin/f95
configure:2315: result: f95
configure:2331: checking Fortran 90 filename extension
configure:2343: f95 -c  conftest.F90 >&5
configure:2346: $? = 0
configure:2349: test -s conftest.o
configure:2352: $? = 0
configure:2354: result: .F90
configure:2369: checking for Fortran 90 compiler version
configure:2370: f95 --version </dev/null >&5
GNU Fortran (Ubuntu 9.2.1-9ubuntu2) 9.2.1 20191008
Copyright (C) 2019 Free Software Foundation, Inc.
This is free software; see the source for copying conditions.  There is NO
warranty; not even for MERCHANTABILITY or FITNESS FOR A PARTICULAR PURPOSE.

configure:2373: $? = 0
configure:2375: f95 -v </dev/null >&5
Using built-in specs.
COLLECT_GCC=f95
COLLECT_LTO_WRAPPER=/usr/lib/gcc/x86_64-linux-gnu/9/lto-wrapper
OFFLOAD_TARGET_NAMES=nvptx-none:hsa
OFFLOAD_TARGET_DEFAULT=1
Target: x86_64-linux-gnu
Configured with: ../src/configure -v --with-pkgversion='Ubuntu 9.2.1-9ubuntu2' --with-bugurl=file:///usr/share/doc/gcc-9/README.Bugs --enable-languages=c,ada,c++,go,brig,d,fortran,objc,obj-c++,gm2 --prefix=/usr --with-gcc-major-version-only --program-suffix=-9 --program-prefix=x86_64-linux-gnu- --enable-shared --enable-linker-build-id --libexecdir=/usr/lib --without-included-gettext --enable-threads=posix --libdir=/usr/lib --enable-nls --enable-bootstrap --enable-clocale=gnu --enable-libstdcxx-debug --enable-libstdcxx-time=yes --with-default-libstdcxx-abi=new --enable-gnu-unique-object --disable-vtable-verify --enable-plugin --enable-default-pie --with-system-zlib --with-target-system-zlib=auto --enable-multiarch --disable-werror --with-arch-32=i686 --with-abi=m64 --with-multilib-list=m32,m64,mx32 --enable-multilib --with-tune=generic --enable-offload-targets=nvptx-none,hsa --without-cuda-driver --enable-checking=release --build=x86_64-linux-gnu --host=x86_64-linux-gnu --target=x86_64-linux-gnu
Thread model: posix
gcc version 9.2.1 20191008 (Ubuntu 9.2.1-9ubuntu2) 
configure:2378: $? = 0
configure:2380: f95 -V </dev/null >&5
f95: error: unrecognized command line option '-V'
f95: fatal error: no input files
compilation terminated.
configure:2383: $? = 1
configure:2390: checking whether we are using the GNU Fortran 90 compiler
configure:2407: f95 -c  conftest.F90 >&5
configure:2413: $? = 0
configure:2417: test -z 
			 || test ! -s conftest.err
configure:2420: $? = 0
configure:2423: test -s conftest.o
configure:2426: $? = 0
configure:2439: result: yes
configure:2476: checking for mpxlf90_r
configure:2505: result: no
configure:2476: checking for mpxlf90
configure:2505: result: no
configure:2476: checking for mpxlf95
configure:2505: result: no
configure:2476: checking for mpif90
configure:2492: found /usr/bin/mpif90
configure:2502: result: mpif90
configure:2519: checking for MPI_Init
configure:2530: mpif90 -o conftest    conftest.F90  >&5
configure:2536: $? = 0
configure:2540: test -z 
			 || test ! -s conftest.err
configure:2543: $? = 0
configure:2546: test -s conftest
configure:2549: $? = 0
configure:2552: result: yes
configure:2679: checking for mpif.h
configure:2690: mpif90 -c  conftest.F90 >&5
configure:2696: $? = 0
configure:2700: test -z 
			 || test ! -s conftest.err
configure:2703: $? = 0
configure:2706: test -s conftest.o
configure:2709: $? = 0
configure:2711: result: yes
configure:2785: mpif90 -c  conftest.F90 >&5
configure:2791: $? = 0
configure:2795: test -z 
			 || test ! -s conftest.err
configure:2798: $? = 0
configure:2801: test -s conftest.o
configure:2804: $? = 0
configure:2822: checking how to get the version output from f95
configure:2837: f95 -c  conftest.F90 >&5
configure:2843: $? = 0
configure:2847: test -z 
			 || test ! -s conftest.err
configure:2850: $? = 0
configure:2853: test -s conftest.o
configure:2856: $? = 0
configure:2881: f95 -o conftest  -V   conftest.F90  >&5
f95: error: unrecognized command line option '-V'
configure:2881: f95 -o conftest  -version   conftest.F90  >&5
f95: error: unrecognized command line option '-version'
configure:2881: f95 -o conftest  --version   conftest.F90  >&5
GNU Fortran (Ubuntu 9.2.1-9ubuntu2) 9.2.1 20191008
Copyright (C) 2019 Free Software Foundation, Inc.
This is free software; see the source for copying conditions.  There is NO
warranty; not even for MERCHANTABILITY or FITNESS FOR A PARTICULAR PURPOSE.
configure:2914: result: --version
configure:2928: checking whether byte ordering is bigendian
configure:2955: cc -c -g -O2  conftest.c >&5
configure:2961: $? = 0
configure:2965: test -z 
			 || test ! -s conftest.err
configure:2968: $? = 0
configure:2971: test -s conftest.o
configure:2974: $? = 0
configure:2998: cc -c -g -O2  conftest.c >&5
conftest.c: In function 'main':
conftest.c:17:2: error: unknown type name 'not'; did you mean 'ino_t'?
   17 |  not big endian
      |  ^~~
      |  ino_t
conftest.c:17:10: error: expected '=', ',', ';', 'asm' or '__attribute__' before 'endian'
   17 |  not big endian
      |          ^~~~~~
configure:3004: $? = 1
configure: failed program was:
| /* confdefs.h.  */
| 
| #define PACKAGE_NAME "MCT"
| #define PACKAGE_TARNAME "mct"
| #define PACKAGE_VERSION "2.0"
| #define PACKAGE_STRING "MCT 2.0"
| #define PACKAGE_BUGREPORT ""
| #define HAVE_MPI 1
| /* end confdefs.h.  */
| #include <sys/types.h>
| #include <sys/param.h>
| 
| int
| main ()
| {
| #if BYTE_ORDER != BIG_ENDIAN
|  not big endian
| #endif
| 
|   ;
|   return 0;
| }
configure:3139: result: no
configure:3171: checking whether fortran .mod file is uppercase
configure:3188: mpif90 -c  conftest.F90 >&5
configure:3194: $? = 0
configure:3198: test -z 
			 || test ! -s conftest.err
configure:3201: $? = 0
configure:3204: test -s conftest.o
configure:3207: $? = 0
configure:3229: result: no
configure:3255: checking for Fortran 90 name-mangling scheme
configure:3274: cc -c -g -O2  conftest.c >&5
configure:3280: $? = 0
configure:3284: test -z 
			 || test ! -s conftest.err
configure:3287: $? = 0
configure:3290: test -s conftest.o
configure:3293: $? = 0
configure:3318: mpif90 -o conftest    conftest.F90 cf90_test.o   >&5
configure:3324: $? = 0
configure:3328: test -z 
			 || test ! -s conftest.err
configure:3331: $? = 0
configure:3334: test -s conftest
configure:3337: $? = 0
configure:3398: result: lower case, underscore
configure:3429: checking for cpp
configure:3445: found /usr/bin/cpp
configure:3455: result: cpp
configure:3487: checking if Fortran 90 compiler performs preprocessing
configure:3516: mpif90 -Daardvark -c  conftest.F90 >&5
configure:3522: $? = 0
configure:3526: test -z 
			 || test ! -s conftest.err
configure:3529: $? = 0
configure:3532: test -s conftest.o
configure:3535: $? = 0
configure:3549: result: yes
configure:3558: checking if C preprocessor can work with Fortran compiler
configure:3596: cpp -Daardvark -P -C -N -traditional conftest.bar conftest.f90
configure:3599: $? = 0
configure:3622: mpif90 -c  conftest.f90 >&5
conftest.f90:1:1:

    1 | /* Copyright (C) 1991-2019 Free Software Foundation, Inc.
      | 1
Error: Invalid character in name at (1)
conftest.f90:16:4:

   16 |    <http://www.gnu.org/licenses/>.  */
      |    1
Error: Invalid character in name at (1)
conftest.f90:19:1:

   19 | /* This header is separate from features.h so that the compiler can
      | 1
Error: Invalid character in name at (1)
conftest.f90:22:4:

   22 |    <features.h> because the implicit include comes before any feature
      |    1
Error: Invalid character in name at (1)
conftest.f90:27:1:

   27 | /* glibc's intent is to support the IEC 559 math functionality, real
      | 1
Error: Invalid character in name at (1)
conftest.f90:36:1:

   36 | /* wchar_t uses Unicode 10.0.0.  Version 10.0 of the Unicode Standard is
      | 1
Error: Invalid character in name at (1)
configure:3628: $? = 1
configure: failed program was:
| /* Copyright (C) 1991-2019 Free Software Foundation, Inc.
|    This file is part of the GNU C Library.
| 
|    The GNU C Library is free software; you can redistribute it and/or
|    modify it under the terms of the GNU Lesser General Public
|    License as published by the Free Software Foundation; either
|    version 2.1 of the License, or (at your option) any later version.
| 
|    The GNU C Library is distributed in the hope that it will be useful,
|    but WITHOUT ANY WARRANTY; without even the implied warranty of
|    MERCHANTABILITY or FITNESS FOR A PARTICULAR PURPOSE.  See the GNU
|    Lesser General Public License for more details.
| 
|    You should have received a copy of the GNU Lesser General Public
|    License along with the GNU C Library; if not, see
|    <http://www.gnu.org/licenses/>.  */
| 
| 
| /* This header is separate from features.h so that the compiler can
|    include it implicitly at the start of every compilation.  It must
|    not itself include <features.h> or any other header that includes
|    <features.h> because the implicit include comes before any feature
|    test macros that may be defined in a source file before it first
|    explicitly includes a system header.  GCC knows the name of this
|    header in order to preinclude it.  */
| 
| /* glibc's intent is to support the IEC 559 math functionality, real
|    and complex.  If the GCC (4.9 and later) predefined macros
|    specifying compiler intent are available, use them to determine
|    whether the overall intent is to support these features; otherwise,
|    presume an older compiler has intent to support these features and
|    define these macros by default.  */
| 
| 
| 
| /* wchar_t uses Unicode 10.0.0.  Version 10.0 of the Unicode Standard is
|    synchronized with ISO/IEC 10646:2017, fifth edition, plus
|    the following additions from Amendment 1 to the fifth edition:
|    - 56 emoji characters
|    - 285 hentaigana
|    - 3 additional Zanabazar Square characters */
| 
| 
| program main
| 
|   implicit none
|   character(len=25) :: ch  ! '
|   ch="Does this test &
| !Comment-Line
|           &work? "// &
|           "YES!"
| 
| 
| end program main
| 
configure:3652: result: no
configure:3935: WARNING: UNKNOWN FORTRAN 90 COMPILER
configure:4129: creating ./config.status

## ---------------------- ##
## Running config.status. ##
## ---------------------- ##

This file was extended by MCT config.status 2.0, which was
generated by GNU Autoconf 2.59.  Invocation command line was

  CONFIG_FILES    = 
  CONFIG_HEADERS  = 
  CONFIG_LINKS    = 
  CONFIG_COMMANDS = 
  $ ./config.status 

on Predator-G3-572

config.status:646: creating Makefile.conf

## ---------------- ##
## Cache variables. ##
## ---------------- ##

ac_cv_c_bigendian=no
ac_cv_c_compiler_gnu=yes
ac_cv_env_ALLCFLAGS_set=
ac_cv_env_ALLCFLAGS_value=
ac_cv_env_AR_set=
ac_cv_env_AR_value=
ac_cv_env_BABELROOT_set=
ac_cv_env_BABELROOT_value=
ac_cv_env_BIT64_set=
ac_cv_env_BIT64_value=
ac_cv_env_CC_set=
ac_cv_env_CC_value=
ac_cv_env_CFLAGS_set=
ac_cv_env_CFLAGS_value=
ac_cv_env_COMPILER_ROOT_set=
ac_cv_env_COMPILER_ROOT_value=
ac_cv_env_CPPFLAGS_set=
ac_cv_env_CPPFLAGS_value=
ac_cv_env_ENDIAN_set=
ac_cv_env_ENDIAN_value=
ac_cv_env_F90FLAGS_set=
ac_cv_env_F90FLAGS_value=
ac_cv_env_F90SUFFIX_set=
ac_cv_env_F90SUFFIX_value=
ac_cv_env_F90_set=
ac_cv_env_F90_value=
ac_cv_env_FCFLAGS_set=
ac_cv_env_FCFLAGS_value=
ac_cv_env_FC_set=
ac_cv_env_FC_value=
ac_cv_env_FORT_SIZE_set=
ac_cv_env_FORT_SIZE_value=
ac_cv_env_FPPFLAGS_set=
ac_cv_env_FPPFLAGS_value=
ac_cv_env_FPP_set=
ac_cv_env_FPP_value=
ac_cv_env_INCLUDEFLAG_set=
ac_cv_env_INCLUDEFLAG_value=
ac_cv_env_INCLUDEPATH_set=
ac_cv_env_INCLUDEPATH_value=
ac_cv_env_LDFLAGS_set=
ac_cv_env_LDFLAGS_value=
ac_cv_env_MACHDEFS_set=
ac_cv_env_MACHDEFS_value=
ac_cv_env_MPIF90_set=
ac_cv_env_MPIF90_value=
ac_cv_env_MPIHEADER_set=
ac_cv_env_MPIHEADER_value=
ac_cv_env_MPILIBS_set=
ac_cv_env_MPILIBS_value=
ac_cv_env_OPT_set=
ac_cv_env_OPT_value=
ac_cv_env_REAL8_set=
ac_cv_env_REAL8_value=
ac_cv_env_build_alias_set=
ac_cv_env_build_alias_value=
ac_cv_env_host_alias_set=
ac_cv_env_host_alias_value=
ac_cv_env_target_alias_set=
ac_cv_env_target_alias_value=
ac_cv_exeext=
ac_cv_f90_compiler_gnu=yes
ac_cv_f90_fpp_compiler=yes
ac_cv_f90_fpp_external=no
ac_cv_f90_mangling='lower case, underscore'
ac_cv_f90_mod_uppercase=no
ac_cv_objext=o
ac_cv_prog_FPP=cpp
ac_cv_prog_MPIF90=mpif90
ac_cv_prog_ac_ct_CC=cc
ac_cv_prog_ac_ct_F90=f95
ac_cv_prog_cc_g=yes
ac_cv_prog_cc_stdc=
ac_cv_prog_f90_version=--version

## ----------------- ##
## Output variables. ##
## ----------------- ##

ALLCFLAGS='-DFORTRAN_UNDERSCORE_ -DSYSLINUX -DCPRUNKNOWNCPR -O'
AR='ar cq'
BABELROOT=''
BIT64=''
CC='cc'
CFLAGS='-g -O2'
COMPILER_ROOT=''
CPPFLAGS=''
CRULE='.c.o'
DEFS='-DPACKAGE_NAME=\"MCT\" -DPACKAGE_TARNAME=\"mct\" -DPACKAGE_VERSION=\"2.0\" -DPACKAGE_STRING=\"MCT\ 2.0\" -DPACKAGE_BUGREPORT=\"\" -DHAVE_MPI=1 '
ECHO_C=''
ECHO_N='-n'
ECHO_T=''
ENDIAN=''
EXEEXT=''
F90='f95'
F90FLAGS=''
F90RULE='.F90.o'
F90RULECPP='.F90RULECPP'
F90SUFFIX='F90'
FC='mpif90'
FCFLAGS=''
FORT_SIZE=''
FPP='cpp'
FPPFLAGS='-P -C -N -traditional'
INCLUDEFLAG='-I'
INCLUDEPATH=''
LDFLAGS=''
LIBOBJS=''
LIBS=''
LTLIBOBJS=''
MACHDEFS='-DSYSLINUX -DCPRUNKNOWNCPR'
MPIF90='mpif90'
MPIHEADER=''
MPILIBS=''
MPISERPATH=''
OBJEXT='o'
OPT=''
PACKAGE_BUGREPORT=''
PACKAGE_NAME='MCT'
PACKAGE_STRING='MCT 2.0'
PACKAGE_TARNAME='mct'
PACKAGE_VERSION='2.0'
PATH_SEPARATOR=':'
PYTHON=''
PYTHONOPTS=''
REAL8=''
SHELL='/bin/bash'
ac_ct_CC='cc'
ac_ct_F90='f95'
bindir='${exec_prefix}/bin'
build_alias=''
datadir='${prefix}/share'
exec_prefix='${prefix}'
host_alias=''
includedir='${prefix}/include'
infodir='${prefix}/info'
libdir='${exec_prefix}/lib'
libexecdir='${exec_prefix}/libexec'
localstatedir='${prefix}/var'
mandir='${prefix}/man'
oldincludedir='/usr/include'
prefix='/usr/local'
program_transform_name='s,x,x,'
sbindir='${exec_prefix}/sbin'
sharedstatedir='${prefix}/com'
sysconfdir='${prefix}/etc'
target_alias=''

## ----------- ##
## confdefs.h. ##
## ----------- ##

#define HAVE_MPI 1
#define PACKAGE_BUGREPORT ""
#define PACKAGE_NAME "MCT"
#define PACKAGE_STRING "MCT 2.0"
#define PACKAGE_TARNAME "mct"
#define PACKAGE_VERSION "2.0"

configure: exit 0
